<?xml version="1.0" encoding="UTF-8"?>
<!-- Generated by org.testng.reporters.JUnitXMLReporter -->
<testsuite ignored="0" hostname="DESKTOP-KDI3GK4" failures="0" tests="4" name="Test_Runner_3" time="169.053" errors="0" timestamp="2023-09-02T15:03:42 IST">
  <testcase classname="testNG.CreateOrgWithIndustryTest_Scenario3_After_BaseClass_Creation" name="Demo3" time="0.002"/>
  <testcase classname="testNG.CreateOrgWithIndustryTest_Scenario3_After_BaseClass_Creation" name="createOrgWithIndustryTest" time="49.853"/>
  <testcase classname="testNG.CreateOrgWithIndustryTest_Scenario3_After_BaseClass_Creation" name="demo1" time="0.002"/>
  <testcase classname="testNG.CreateOrgWithIndustryTest_Scenario3_After_BaseClass_Creation" name="demo2" time="0.003"/>
</testsuite> <!-- Test_Runner_3 -->
