<?xml version="1.0" encoding="UTF-8"?>
<!-- Generated by org.testng.reporters.JUnitXMLReporter -->
<testsuite ignored="0" hostname="DESKTOP-KDI3GK4" failures="0" tests="3" name="Test_Runner_Chrome" time="84.596" errors="0" timestamp="2023-09-02T20:54:32 IST">
  <testcase classname="testNG.CreateContactTest_Scenario1_After_BaseClass_Creation_ForCrossBrowsing" name="Demo5" time="0.013"/>
  <testcase classname="testNG.CreateContactTest_Scenario1_After_BaseClass_Creation_ForCrossBrowsing" name="Demo6" time="0.007"/>
  <testcase classname="testNG.CreateContactTest_Scenario1_After_BaseClass_Creation_ForCrossBrowsing" name="createContactTest" time="27.675"/>
</testsuite> <!-- Test_Runner_Chrome -->
