<?xml version="1.0" encoding="UTF-8"?>
<!-- Generated by org.testng.reporters.JUnitXMLReporter -->
<testsuite ignored="0" hostname="DESKTOP-KDI3GK4" failures="0" tests="3" name="Test_Runner_Firefox" time="3.419" errors="0" timestamp="2023-09-02T20:07:27 IST">
  <testcase classname="testNG.CreateContactTest_Scenario1_After_BaseClass_Creation_ForCrossBrowsing" name="Demo5" time="0.0">
    <skipped/>
  </testcase> <!-- Demo5 -->
  <testcase classname="testNG.CreateContactTest_Scenario1_After_BaseClass_Creation_ForCrossBrowsing" name="Demo6" time="0.0">
    <skipped/>
  </testcase> <!-- Demo6 -->
  <testcase classname="testNG.CreateContactTest_Scenario1_After_BaseClass_Creation_ForCrossBrowsing" name="createContactTest" time="0.0">
    <skipped/>
  </testcase> <!-- createContactTest -->
</testsuite> <!-- Test_Runner_Firefox -->
