<?xml version="1.0" encoding="UTF-8"?>
<!-- Generated by org.testng.reporters.JUnitXMLReporter -->
<testsuite ignored="0" hostname="DESKTOP-KDI3GK4" failures="0" tests="3" name="Test_Runner_1" time="153.686" errors="0" timestamp="2023-09-02T15:03:27 IST">
  <testcase classname="testNG.CreateContactTest_Scenario1_After_BaseClass_Creation" name="Demo5" time="0.012"/>
  <testcase classname="testNG.CreateContactTest_Scenario1_After_BaseClass_Creation" name="Demo6" time="0.005"/>
  <testcase classname="testNG.CreateContactTest_Scenario1_After_BaseClass_Creation" name="createContactTest" time="37.581"/>
</testsuite> <!-- Test_Runner_1 -->
