<?xml version="1.0" encoding="UTF-8"?>
<!-- Generated by org.testng.reporters.JUnitXMLReporter -->
<testsuite ignored="0" hostname="DESKTOP-KDI3GK4" failures="0" tests="4" name="Test_Runner_2" time="153.638" errors="0" timestamp="2023-09-02T15:03:27 IST">
  <testcase classname="testNG.CreateOrganizationTest_Scenario2_After_BaseClass_Creation" name="Demo5" time="0.003"/>
  <testcase classname="testNG.CreateOrganizationTest_Scenario2_After_BaseClass_Creation" name="Demo6" time="0.002"/>
  <testcase classname="testNG.CreateOrganizationTest_Scenario2_After_BaseClass_Creation" name="Demo7" time="0.002"/>
  <testcase classname="testNG.CreateOrganizationTest_Scenario2_After_BaseClass_Creation" name="createOrganizationTest" time="26.661"/>
</testsuite> <!-- Test_Runner_2 -->
