<?xml version="1.0" encoding="UTF-8"?>
<!-- Generated by org.testng.reporters.JUnitXMLReporter -->
<testsuite ignored="12" hostname="DESKTOP-KDI3GK4" failures="0" tests="9" name="Test" time="253.205" errors="0" timestamp="2023-09-02T08:38:14 IST">
  <testcase classname="testNG.CreateOrgWithIndustryTest_Scenario3_After_BaseClass_Creation" name="Demo3" time="0.029"/>
  <testcase classname="testNG.CreateOrgWithIndustryTest_Scenario3_After_BaseClass_Creation" name="createOrgWithIndustryTest" time="27.681"/>
  <testcase classname="testNG.CreateContactWithOrganizationTest_Scenario5_After_BaseClass_Creation" name="Demo5" time="0.001"/>
  <testcase classname="testNG.CreateContactWithOrganizationTest_Scenario5_After_BaseClass_Creation" name="Demo6" time="0.001"/>
  <testcase classname="testNG.CreateContactWithOrganizationTest_Scenario5_After_BaseClass_Creation" name="createContactWithOrganizationTest" time="37.21"/>
  <testcase classname="testNG.CreateOrganizationTest_Scenario2_After_BaseClass_Creation" name="Demo5" time="0.001"/>
  <testcase classname="testNG.CreateOrganizationTest_Scenario2_After_BaseClass_Creation" name="Demo6" time="0.001"/>
  <testcase classname="testNG.CreateContactTest_Scenario1_After_BaseClass_Creation" name="Demo5" time="0.001"/>
  <testcase classname="testNG.CreateContactTest_Scenario1_After_BaseClass_Creation" name="Demo6" time="0.001"/>
  <testcase classname="com.vtiger.GenericUtilities.BaseClass" name="@BeforeSuite bsConfig" time="0.0">
    <ignored/>
  </testcase> <!-- @BeforeSuite bsConfig -->
  <testcase classname="com.vtiger.GenericUtilities.BaseClass" name="@BeforeSuite bsConfig" time="0.0">
    <ignored/>
  </testcase> <!-- @BeforeSuite bsConfig -->
  <testcase classname="testNG.CreateContactWithOrganizationTest_Scenario5_After_BaseClass_Creation" name="Demo4" time="0.0">
    <ignored/>
  </testcase> <!-- Demo4 -->
  <testcase classname="com.vtiger.GenericUtilities.BaseClass" name="@BeforeSuite bsConfig" time="0.0">
    <ignored/>
  </testcase> <!-- @BeforeSuite bsConfig -->
  <testcase classname="testNG.CreateOrganizationTest_Scenario2_After_BaseClass_Creation" name="Demo7" time="0.0">
    <ignored/>
  </testcase> <!-- Demo7 -->
  <testcase classname="testNG.CreateOrganizationTest_Scenario2_After_BaseClass_Creation" name="createOrganizationTest" time="0.0">
    <ignored/>
  </testcase> <!-- createOrganizationTest -->
  <testcase classname="com.vtiger.GenericUtilities.BaseClass" name="@AfterSuite csConfig" time="0.0">
    <ignored/>
  </testcase> <!-- @AfterSuite csConfig -->
  <testcase classname="testNG.CreateContactTest_Scenario1_After_BaseClass_Creation" name="createContactTest" time="0.0">
    <ignored/>
  </testcase> <!-- createContactTest -->
  <testcase classname="com.vtiger.GenericUtilities.BaseClass" name="@AfterSuite csConfig" time="0.0">
    <ignored/>
  </testcase> <!-- @AfterSuite csConfig -->
  <testcase classname="com.vtiger.GenericUtilities.BaseClass" name="@AfterSuite csConfig" time="0.0">
    <ignored/>
  </testcase> <!-- @AfterSuite csConfig -->
  <testcase classname="testNG.CreateOrgWithIndustryTest_Scenario3_After_BaseClass_Creation" name="demo1" time="0.0">
    <ignored/>
  </testcase> <!-- demo1 -->
  <testcase classname="testNG.CreateOrgWithIndustryTest_Scenario3_After_BaseClass_Creation" name="demo2" time="0.0">
    <ignored/>
  </testcase> <!-- demo2 -->
</testsuite> <!-- Test -->
