<?xml version="1.0" encoding="UTF-8"?>
<testng-results ignored="0" total="1" passed="1" failed="0" skipped="0">
  <reporter-output>
  </reporter-output>
  <suite started-at="2023-09-12T11:39:54 IST" name="Default suite" finished-at="2023-09-12T11:39:54 IST" duration-ms="75">
    <groups>
    </groups>
    <test started-at="2023-09-12T11:39:54 IST" name="Default test" finished-at="2023-09-12T11:39:54 IST" duration-ms="75">
      <class name="readDataFromCmd.ReadDataDFromCommandLine">
        <test-method signature="readData()[pri:0, instance:readDataFromCmd.ReadDataDFromCommandLine@117159c0]" started-at="2023-09-12T11:39:54 IST" name="readData" finished-at="2023-09-12T11:39:54 IST" duration-ms="12" status="PASS">
          <reporter-output>
          </reporter-output>
        </test-method> <!-- readData -->
      </class> <!-- readDataFromCmd.ReadDataDFromCommandLine -->
    </test> <!-- Default test -->
  </suite> <!-- Default suite -->
</testng-results>
